modules/coupon-widget/android/build/intermediates/manifest_merge_blame_file/debug/processDebugManifest/manifest-merger-blame-debug-report.txt
1<?xml version="1.0" encoding="utf-8"?>
2<manifest xmlns:android="http://schemas.android.com/apk/res/android"
3    package="com.itaykarkason.couponmaster.widget" >
4
5    <uses-sdk android:minSdkVersion="24" />
6
7    <uses-permission android:name="android.permission.INTERNET" />
7-->src/main/AndroidManifest.xml:2:3-65
7-->src/main/AndroidManifest.xml:2:20-62
8
9    <application>
9-->src/main/AndroidManifest.xml:4:3-16:17
10        <receiver
10-->src/main/AndroidManifest.xml:5:5-15:16
11            android:name="com.itaykarkason.couponmaster.widget.CouponWidgetProvider"
11-->src/main/AndroidManifest.xml:6:7-79
12            android:exported="true"
12-->src/main/AndroidManifest.xml:8:7-30
13            android:label="Coupon Master" >
13-->src/main/AndroidManifest.xml:7:7-36
14            <intent-filter>
14-->src/main/AndroidManifest.xml:9:7-11:23
15                <action android:name="android.appwidget.action.APPWIDGET_UPDATE" />
15-->src/main/AndroidManifest.xml:10:9-76
15-->src/main/AndroidManifest.xml:10:17-73
16            </intent-filter>
17
18            <meta-data
18-->src/main/AndroidManifest.xml:12:7-14:54
19                android:name="android.appwidget.provider"
19-->src/main/AndroidManifest.xml:13:9-50
20                android:resource="@xml/coupon_widget_info" />
20-->src/main/AndroidManifest.xml:14:9-51
21        </receiver>
22    </application>
23
24</manifest>